                                      1 ;--------------------------------------------------------
                                      2 ; File Created by SDCC : free open source ANSI-C Compiler
                                      3 ; Version 4.2.0 #13081 (MINGW64)
                                      4 ;--------------------------------------------------------
                                      5 	.module Keypad
                                      6 	.optsdcc -mmcs51 --model-small
                                      7 	
                                      8 ;--------------------------------------------------------
                                      9 ; Public variables in this module
                                     10 ;--------------------------------------------------------
                                     11 	.globl _keypad_num
                                     12 	.globl _Keypad
                                     13 	.globl _CY
                                     14 	.globl _AC
                                     15 	.globl _F0
                                     16 	.globl _RS1
                                     17 	.globl _RS0
                                     18 	.globl _OV
                                     19 	.globl _F1
                                     20 	.globl _P
                                     21 	.globl _PS
                                     22 	.globl _PT1
                                     23 	.globl _PX1
                                     24 	.globl _PT0
                                     25 	.globl _PX0
                                     26 	.globl _RD
                                     27 	.globl _WR
                                     28 	.globl _T1
                                     29 	.globl _T0
                                     30 	.globl _INT1
                                     31 	.globl _INT0
                                     32 	.globl _TXD
                                     33 	.globl _RXD
                                     34 	.globl _P3_7
                                     35 	.globl _P3_6
                                     36 	.globl _P3_5
                                     37 	.globl _P3_4
                                     38 	.globl _P3_3
                                     39 	.globl _P3_2
                                     40 	.globl _P3_1
                                     41 	.globl _P3_0
                                     42 	.globl _EA
                                     43 	.globl _ES
                                     44 	.globl _ET1
                                     45 	.globl _EX1
                                     46 	.globl _ET0
                                     47 	.globl _EX0
                                     48 	.globl _P2_7
                                     49 	.globl _P2_6
                                     50 	.globl _P2_5
                                     51 	.globl _P2_4
                                     52 	.globl _P2_3
                                     53 	.globl _P2_2
                                     54 	.globl _P2_1
                                     55 	.globl _P2_0
                                     56 	.globl _SM0
                                     57 	.globl _SM1
                                     58 	.globl _SM2
                                     59 	.globl _REN
                                     60 	.globl _TB8
                                     61 	.globl _RB8
                                     62 	.globl _TI
                                     63 	.globl _RI
                                     64 	.globl _P1_7
                                     65 	.globl _P1_6
                                     66 	.globl _P1_5
                                     67 	.globl _P1_4
                                     68 	.globl _P1_3
                                     69 	.globl _P1_2
                                     70 	.globl _P1_1
                                     71 	.globl _P1_0
                                     72 	.globl _TF1
                                     73 	.globl _TR1
                                     74 	.globl _TF0
                                     75 	.globl _TR0
                                     76 	.globl _IE1
                                     77 	.globl _IT1
                                     78 	.globl _IE0
                                     79 	.globl _IT0
                                     80 	.globl _P0_7
                                     81 	.globl _P0_6
                                     82 	.globl _P0_5
                                     83 	.globl _P0_4
                                     84 	.globl _P0_3
                                     85 	.globl _P0_2
                                     86 	.globl _P0_1
                                     87 	.globl _P0_0
                                     88 	.globl _B
                                     89 	.globl _ACC
                                     90 	.globl _PSW
                                     91 	.globl _IP
                                     92 	.globl _P3
                                     93 	.globl _IE
                                     94 	.globl _P2
                                     95 	.globl _SBUF
                                     96 	.globl _SCON
                                     97 	.globl _P1
                                     98 	.globl _TH1
                                     99 	.globl _TH0
                                    100 	.globl _TL1
                                    101 	.globl _TL0
                                    102 	.globl _TMOD
                                    103 	.globl _TCON
                                    104 	.globl _PCON
                                    105 	.globl _DPH
                                    106 	.globl _DPL
                                    107 	.globl _SP
                                    108 	.globl _P0
                                    109 	.globl _column
                                    110 ;--------------------------------------------------------
                                    111 ; special function registers
                                    112 ;--------------------------------------------------------
                                    113 	.area RSEG    (ABS,DATA)
      000000                        114 	.org 0x0000
                           000080   115 _P0	=	0x0080
                           000081   116 _SP	=	0x0081
                           000082   117 _DPL	=	0x0082
                           000083   118 _DPH	=	0x0083
                           000087   119 _PCON	=	0x0087
                           000088   120 _TCON	=	0x0088
                           000089   121 _TMOD	=	0x0089
                           00008A   122 _TL0	=	0x008a
                           00008B   123 _TL1	=	0x008b
                           00008C   124 _TH0	=	0x008c
                           00008D   125 _TH1	=	0x008d
                           000090   126 _P1	=	0x0090
                           000098   127 _SCON	=	0x0098
                           000099   128 _SBUF	=	0x0099
                           0000A0   129 _P2	=	0x00a0
                           0000A8   130 _IE	=	0x00a8
                           0000B0   131 _P3	=	0x00b0
                           0000B8   132 _IP	=	0x00b8
                           0000D0   133 _PSW	=	0x00d0
                           0000E0   134 _ACC	=	0x00e0
                           0000F0   135 _B	=	0x00f0
                                    136 ;--------------------------------------------------------
                                    137 ; special function bits
                                    138 ;--------------------------------------------------------
                                    139 	.area RSEG    (ABS,DATA)
      000000                        140 	.org 0x0000
                           000080   141 _P0_0	=	0x0080
                           000081   142 _P0_1	=	0x0081
                           000082   143 _P0_2	=	0x0082
                           000083   144 _P0_3	=	0x0083
                           000084   145 _P0_4	=	0x0084
                           000085   146 _P0_5	=	0x0085
                           000086   147 _P0_6	=	0x0086
                           000087   148 _P0_7	=	0x0087
                           000088   149 _IT0	=	0x0088
                           000089   150 _IE0	=	0x0089
                           00008A   151 _IT1	=	0x008a
                           00008B   152 _IE1	=	0x008b
                           00008C   153 _TR0	=	0x008c
                           00008D   154 _TF0	=	0x008d
                           00008E   155 _TR1	=	0x008e
                           00008F   156 _TF1	=	0x008f
                           000090   157 _P1_0	=	0x0090
                           000091   158 _P1_1	=	0x0091
                           000092   159 _P1_2	=	0x0092
                           000093   160 _P1_3	=	0x0093
                           000094   161 _P1_4	=	0x0094
                           000095   162 _P1_5	=	0x0095
                           000096   163 _P1_6	=	0x0096
                           000097   164 _P1_7	=	0x0097
                           000098   165 _RI	=	0x0098
                           000099   166 _TI	=	0x0099
                           00009A   167 _RB8	=	0x009a
                           00009B   168 _TB8	=	0x009b
                           00009C   169 _REN	=	0x009c
                           00009D   170 _SM2	=	0x009d
                           00009E   171 _SM1	=	0x009e
                           00009F   172 _SM0	=	0x009f
                           0000A0   173 _P2_0	=	0x00a0
                           0000A1   174 _P2_1	=	0x00a1
                           0000A2   175 _P2_2	=	0x00a2
                           0000A3   176 _P2_3	=	0x00a3
                           0000A4   177 _P2_4	=	0x00a4
                           0000A5   178 _P2_5	=	0x00a5
                           0000A6   179 _P2_6	=	0x00a6
                           0000A7   180 _P2_7	=	0x00a7
                           0000A8   181 _EX0	=	0x00a8
                           0000A9   182 _ET0	=	0x00a9
                           0000AA   183 _EX1	=	0x00aa
                           0000AB   184 _ET1	=	0x00ab
                           0000AC   185 _ES	=	0x00ac
                           0000AF   186 _EA	=	0x00af
                           0000B0   187 _P3_0	=	0x00b0
                           0000B1   188 _P3_1	=	0x00b1
                           0000B2   189 _P3_2	=	0x00b2
                           0000B3   190 _P3_3	=	0x00b3
                           0000B4   191 _P3_4	=	0x00b4
                           0000B5   192 _P3_5	=	0x00b5
                           0000B6   193 _P3_6	=	0x00b6
                           0000B7   194 _P3_7	=	0x00b7
                           0000B0   195 _RXD	=	0x00b0
                           0000B1   196 _TXD	=	0x00b1
                           0000B2   197 _INT0	=	0x00b2
                           0000B3   198 _INT1	=	0x00b3
                           0000B4   199 _T0	=	0x00b4
                           0000B5   200 _T1	=	0x00b5
                           0000B6   201 _WR	=	0x00b6
                           0000B7   202 _RD	=	0x00b7
                           0000B8   203 _PX0	=	0x00b8
                           0000B9   204 _PT0	=	0x00b9
                           0000BA   205 _PX1	=	0x00ba
                           0000BB   206 _PT1	=	0x00bb
                           0000BC   207 _PS	=	0x00bc
                           0000D0   208 _P	=	0x00d0
                           0000D1   209 _F1	=	0x00d1
                           0000D2   210 _OV	=	0x00d2
                           0000D3   211 _RS0	=	0x00d3
                           0000D4   212 _RS1	=	0x00d4
                           0000D5   213 _F0	=	0x00d5
                           0000D6   214 _AC	=	0x00d6
                           0000D7   215 _CY	=	0x00d7
                                    216 ;--------------------------------------------------------
                                    217 ; overlayable register banks
                                    218 ;--------------------------------------------------------
                                    219 	.area REG_BANK_0	(REL,OVR,DATA)
      000000                        220 	.ds 8
                                    221 ;--------------------------------------------------------
                                    222 ; internal ram data
                                    223 ;--------------------------------------------------------
                                    224 	.area DSEG    (DATA)
      000000                        225 _column::
      000000                        226 	.ds 1
                                    227 ;--------------------------------------------------------
                                    228 ; overlayable items in internal ram
                                    229 ;--------------------------------------------------------
                                    230 	.area	OSEG    (OVR,DATA)
                                    231 ;--------------------------------------------------------
                                    232 ; indirectly addressable internal ram data
                                    233 ;--------------------------------------------------------
                                    234 	.area ISEG    (DATA)
                                    235 ;--------------------------------------------------------
                                    236 ; absolute internal ram data
                                    237 ;--------------------------------------------------------
                                    238 	.area IABS    (ABS,DATA)
                                    239 	.area IABS    (ABS,DATA)
                                    240 ;--------------------------------------------------------
                                    241 ; bit data
                                    242 ;--------------------------------------------------------
                                    243 	.area BSEG    (BIT)
                                    244 ;--------------------------------------------------------
                                    245 ; paged external ram data
                                    246 ;--------------------------------------------------------
                                    247 	.area PSEG    (PAG,XDATA)
                                    248 ;--------------------------------------------------------
                                    249 ; external ram data
                                    250 ;--------------------------------------------------------
                                    251 	.area XSEG    (XDATA)
                                    252 ;--------------------------------------------------------
                                    253 ; absolute external ram data
                                    254 ;--------------------------------------------------------
                                    255 	.area XABS    (ABS,XDATA)
                                    256 ;--------------------------------------------------------
                                    257 ; external initialized ram data
                                    258 ;--------------------------------------------------------
                                    259 	.area XISEG   (XDATA)
                                    260 	.area HOME    (CODE)
                                    261 	.area GSINIT0 (CODE)
                                    262 	.area GSINIT1 (CODE)
                                    263 	.area GSINIT2 (CODE)
                                    264 	.area GSINIT3 (CODE)
                                    265 	.area GSINIT4 (CODE)
                                    266 	.area GSINIT5 (CODE)
                                    267 	.area GSINIT  (CODE)
                                    268 	.area GSFINAL (CODE)
                                    269 	.area CSEG    (CODE)
                                    270 ;--------------------------------------------------------
                                    271 ; global & static initialisations
                                    272 ;--------------------------------------------------------
                                    273 	.area HOME    (CODE)
                                    274 	.area GSINIT  (CODE)
                                    275 	.area GSFINAL (CODE)
                                    276 	.area GSINIT  (CODE)
                                    277 ;--------------------------------------------------------
                                    278 ; Home
                                    279 ;--------------------------------------------------------
                                    280 	.area HOME    (CODE)
                                    281 	.area HOME    (CODE)
                                    282 ;--------------------------------------------------------
                                    283 ; code
                                    284 ;--------------------------------------------------------
                                    285 	.area CSEG    (CODE)
                                    286 ;------------------------------------------------------------
                                    287 ;Allocation info for local variables in function 'Keypad'
                                    288 ;------------------------------------------------------------
                                    289 ;c                         Allocated to registers r7 
                                    290 ;r                         Allocated to registers r6 
                                    291 ;------------------------------------------------------------
                                    292 ;	Keypad.c:5: char Keypad()
                                    293 ;	-----------------------------------------
                                    294 ;	 function Keypad
                                    295 ;	-----------------------------------------
      000000                        296 _Keypad:
                           000007   297 	ar7 = 0x07
                           000006   298 	ar6 = 0x06
                           000005   299 	ar5 = 0x05
                           000004   300 	ar4 = 0x04
                           000003   301 	ar3 = 0x03
                           000002   302 	ar2 = 0x02
                           000001   303 	ar1 = 0x01
                           000000   304 	ar0 = 0x00
                                    305 ;	Keypad.c:7: for (char c = 0; c < 4; c ++) {
      000000 7F 00            [12]  306 	mov	r7,#0x00
      000002                        307 00111$:
      000002 BF 04 00         [24]  308 	cjne	r7,#0x04,00139$
      000005                        309 00139$:
      000005 40 03            [24]  310 	jc	00140$
      000007 02r00r82         [24]  311 	ljmp	00106$
      00000A                        312 00140$:
                                    313 ;	Keypad.c:8: if (!(P1 & (0x10 << c))){
      00000A 8F F0            [24]  314 	mov	b,r7
      00000C 05 F0            [12]  315 	inc	b
      00000E 7D 10            [12]  316 	mov	r5,#0x10
      000010 7E 00            [12]  317 	mov	r6,#0x00
      000012 80 06            [24]  318 	sjmp	00142$
      000014                        319 00141$:
      000014 ED               [12]  320 	mov	a,r5
      000015 2D               [12]  321 	add	a,r5
      000016 FD               [12]  322 	mov	r5,a
      000017 EE               [12]  323 	mov	a,r6
      000018 33               [12]  324 	rlc	a
      000019 FE               [12]  325 	mov	r6,a
      00001A                        326 00142$:
      00001A D5 F0 F7         [24]  327 	djnz	b,00141$
      00001D AB 90            [24]  328 	mov	r3,_P1
      00001F 7C 00            [12]  329 	mov	r4,#0x00
      000021 EB               [12]  330 	mov	a,r3
      000022 52 05            [12]  331 	anl	ar5,a
      000024 EC               [12]  332 	mov	a,r4
      000025 52 06            [12]  333 	anl	ar6,a
      000027 ED               [12]  334 	mov	a,r5
      000028 4E               [12]  335 	orl	a,r6
                                    336 ;	Keypad.c:9: column = c;
                                    337 ;	Keypad.c:10: P1 = 0x0f;
                                    338 ;	Keypad.c:11: for (char r = 0; r < 4; r ++) {
      000029 70 53            [24]  339 	jnz	00112$
      00002B 8F*00            [24]  340 	mov	_column,r7
      00002D 75 90 0F         [24]  341 	mov	_P1,#0x0f
      000030 FE               [12]  342 	mov	r6,a
      000031 FD               [12]  343 	mov	r5,a
      000032                        344 00108$:
      000032 BD 04 00         [24]  345 	cjne	r5,#0x04,00144$
      000035                        346 00144$:
      000035 50 44            [24]  347 	jnc	00103$
                                    348 ;	Keypad.c:12: if (!(P1 & (1 << r)))
      000037 8D F0            [24]  349 	mov	b,r5
      000039 05 F0            [12]  350 	inc	b
      00003B 7B 01            [12]  351 	mov	r3,#0x01
      00003D 7C 00            [12]  352 	mov	r4,#0x00
      00003F 80 06            [24]  353 	sjmp	00147$
      000041                        354 00146$:
      000041 EB               [12]  355 	mov	a,r3
      000042 2B               [12]  356 	add	a,r3
      000043 FB               [12]  357 	mov	r3,a
      000044 EC               [12]  358 	mov	a,r4
      000045 33               [12]  359 	rlc	a
      000046 FC               [12]  360 	mov	r4,a
      000047                        361 00147$:
      000047 D5 F0 F7         [24]  362 	djnz	b,00146$
      00004A A9 90            [24]  363 	mov	r1,_P1
      00004C 7A 00            [12]  364 	mov	r2,#0x00
      00004E E9               [12]  365 	mov	a,r1
      00004F 52 03            [12]  366 	anl	ar3,a
      000051 EA               [12]  367 	mov	a,r2
      000052 52 04            [12]  368 	anl	ar4,a
      000054 EB               [12]  369 	mov	a,r3
      000055 4C               [12]  370 	orl	a,r4
      000056 70 1E            [24]  371 	jnz	00109$
                                    372 ;	Keypad.c:13: return keypad_num[r * 4 + column];
      000058 8E 04            [24]  373 	mov	ar4,r6
      00005A EC               [12]  374 	mov	a,r4
      00005B 2C               [12]  375 	add	a,r4
      00005C 25 E0            [12]  376 	add	a,acc
      00005E FC               [12]  377 	mov	r4,a
      00005F E5*00            [12]  378 	mov	a,_column
      000061 2C               [12]  379 	add	a,r4
      000062 FC               [12]  380 	mov	r4,a
      000063 33               [12]  381 	rlc	a
      000064 95 E0            [12]  382 	subb	a,acc
      000066 FB               [12]  383 	mov	r3,a
      000067 EC               [12]  384 	mov	a,r4
      000068 24r00            [12]  385 	add	a,#_keypad_num
      00006A F5 82            [12]  386 	mov	dpl,a
      00006C EB               [12]  387 	mov	a,r3
      00006D 34s00            [12]  388 	addc	a,#(_keypad_num >> 8)
      00006F F5 83            [12]  389 	mov	dph,a
      000071 E4               [12]  390 	clr	a
      000072 93               [24]  391 	movc	a,@a+dptr
      000073 F5 82            [12]  392 	mov	dpl,a
      000075 22               [24]  393 	ret
      000076                        394 00109$:
                                    395 ;	Keypad.c:11: for (char r = 0; r < 4; r ++) {
      000076 0D               [12]  396 	inc	r5
      000077 8D 06            [24]  397 	mov	ar6,r5
      000079 80 B7            [24]  398 	sjmp	00108$
      00007B                        399 00103$:
                                    400 ;	Keypad.c:15: P1 = 0xf0;
      00007B 75 90 F0         [24]  401 	mov	_P1,#0xf0
      00007E                        402 00112$:
                                    403 ;	Keypad.c:7: for (char c = 0; c < 4; c ++) {
      00007E 0F               [12]  404 	inc	r7
      00007F 02r00r02         [24]  405 	ljmp	00111$
      000082                        406 00106$:
                                    407 ;	Keypad.c:18: return 0xff;
      000082 75 82 FF         [24]  408 	mov	dpl,#0xff
                                    409 ;	Keypad.c:19: }
      000085 22               [24]  410 	ret
                                    411 	.area CSEG    (CODE)
                                    412 	.area CONST   (CODE)
      000000                        413 _keypad_num:
      000000 07                     414 	.db #0x07	; 7
      000001 04                     415 	.db #0x04	; 4
      000002 01                     416 	.db #0x01	; 1
      000003 00                     417 	.db #0x00	; 0
      000004 08                     418 	.db #0x08	; 8
      000005 05                     419 	.db #0x05	; 5
      000006 02                     420 	.db #0x02	; 2
      000007 0A                     421 	.db #0x0a	; 10
      000008 09                     422 	.db #0x09	; 9
      000009 06                     423 	.db #0x06	; 6
      00000A 03                     424 	.db #0x03	; 3
      00000B 0B                     425 	.db #0x0b	; 11
      00000C 0C                     426 	.db #0x0c	; 12
      00000D 0D                     427 	.db #0x0d	; 13
      00000E 0E                     428 	.db #0x0e	; 14
      00000F 0F                     429 	.db #0x0f	; 15
                                    430 	.area XINIT   (CODE)
                                    431 	.area CABS    (ABS,CODE)
