                                      1 ;--------------------------------------------------------
                                      2 ; File Created by SDCC : free open source ANSI-C Compiler
                                      3 ; Version 4.2.0 #13081 (MINGW64)
                                      4 ;--------------------------------------------------------
                                      5 	.module LED_Display
                                      6 	.optsdcc -mmcs51 --model-small
                                      7 	
                                      8 ;--------------------------------------------------------
                                      9 ; Public variables in this module
                                     10 ;--------------------------------------------------------
                                     11 	.globl _LED_num
                                     12 	.globl _LED_Display
                                     13 	.globl _delay
                                     14 	.globl _CY
                                     15 	.globl _AC
                                     16 	.globl _F0
                                     17 	.globl _RS1
                                     18 	.globl _RS0
                                     19 	.globl _OV
                                     20 	.globl _F1
                                     21 	.globl _P
                                     22 	.globl _PS
                                     23 	.globl _PT1
                                     24 	.globl _PX1
                                     25 	.globl _PT0
                                     26 	.globl _PX0
                                     27 	.globl _RD
                                     28 	.globl _WR
                                     29 	.globl _T1
                                     30 	.globl _T0
                                     31 	.globl _INT1
                                     32 	.globl _INT0
                                     33 	.globl _TXD
                                     34 	.globl _RXD
                                     35 	.globl _P3_7
                                     36 	.globl _P3_6
                                     37 	.globl _P3_5
                                     38 	.globl _P3_4
                                     39 	.globl _P3_3
                                     40 	.globl _P3_2
                                     41 	.globl _P3_1
                                     42 	.globl _P3_0
                                     43 	.globl _EA
                                     44 	.globl _ES
                                     45 	.globl _ET1
                                     46 	.globl _EX1
                                     47 	.globl _ET0
                                     48 	.globl _EX0
                                     49 	.globl _P2_7
                                     50 	.globl _P2_6
                                     51 	.globl _P2_5
                                     52 	.globl _P2_4
                                     53 	.globl _P2_3
                                     54 	.globl _P2_2
                                     55 	.globl _P2_1
                                     56 	.globl _P2_0
                                     57 	.globl _SM0
                                     58 	.globl _SM1
                                     59 	.globl _SM2
                                     60 	.globl _REN
                                     61 	.globl _TB8
                                     62 	.globl _RB8
                                     63 	.globl _TI
                                     64 	.globl _RI
                                     65 	.globl _P1_7
                                     66 	.globl _P1_6
                                     67 	.globl _P1_5
                                     68 	.globl _P1_4
                                     69 	.globl _P1_3
                                     70 	.globl _P1_2
                                     71 	.globl _P1_1
                                     72 	.globl _P1_0
                                     73 	.globl _TF1
                                     74 	.globl _TR1
                                     75 	.globl _TF0
                                     76 	.globl _TR0
                                     77 	.globl _IE1
                                     78 	.globl _IT1
                                     79 	.globl _IE0
                                     80 	.globl _IT0
                                     81 	.globl _P0_7
                                     82 	.globl _P0_6
                                     83 	.globl _P0_5
                                     84 	.globl _P0_4
                                     85 	.globl _P0_3
                                     86 	.globl _P0_2
                                     87 	.globl _P0_1
                                     88 	.globl _P0_0
                                     89 	.globl _B
                                     90 	.globl _ACC
                                     91 	.globl _PSW
                                     92 	.globl _IP
                                     93 	.globl _P3
                                     94 	.globl _IE
                                     95 	.globl _P2
                                     96 	.globl _SBUF
                                     97 	.globl _SCON
                                     98 	.globl _P1
                                     99 	.globl _TH1
                                    100 	.globl _TH0
                                    101 	.globl _TL1
                                    102 	.globl _TL0
                                    103 	.globl _TMOD
                                    104 	.globl _TCON
                                    105 	.globl _PCON
                                    106 	.globl _DPH
                                    107 	.globl _DPL
                                    108 	.globl _SP
                                    109 	.globl _P0
                                    110 	.globl _delay_PARM_2
                                    111 ;--------------------------------------------------------
                                    112 ; special function registers
                                    113 ;--------------------------------------------------------
                                    114 	.area RSEG    (ABS,DATA)
      000000                        115 	.org 0x0000
                           000080   116 _P0	=	0x0080
                           000081   117 _SP	=	0x0081
                           000082   118 _DPL	=	0x0082
                           000083   119 _DPH	=	0x0083
                           000087   120 _PCON	=	0x0087
                           000088   121 _TCON	=	0x0088
                           000089   122 _TMOD	=	0x0089
                           00008A   123 _TL0	=	0x008a
                           00008B   124 _TL1	=	0x008b
                           00008C   125 _TH0	=	0x008c
                           00008D   126 _TH1	=	0x008d
                           000090   127 _P1	=	0x0090
                           000098   128 _SCON	=	0x0098
                           000099   129 _SBUF	=	0x0099
                           0000A0   130 _P2	=	0x00a0
                           0000A8   131 _IE	=	0x00a8
                           0000B0   132 _P3	=	0x00b0
                           0000B8   133 _IP	=	0x00b8
                           0000D0   134 _PSW	=	0x00d0
                           0000E0   135 _ACC	=	0x00e0
                           0000F0   136 _B	=	0x00f0
                                    137 ;--------------------------------------------------------
                                    138 ; special function bits
                                    139 ;--------------------------------------------------------
                                    140 	.area RSEG    (ABS,DATA)
      000000                        141 	.org 0x0000
                           000080   142 _P0_0	=	0x0080
                           000081   143 _P0_1	=	0x0081
                           000082   144 _P0_2	=	0x0082
                           000083   145 _P0_3	=	0x0083
                           000084   146 _P0_4	=	0x0084
                           000085   147 _P0_5	=	0x0085
                           000086   148 _P0_6	=	0x0086
                           000087   149 _P0_7	=	0x0087
                           000088   150 _IT0	=	0x0088
                           000089   151 _IE0	=	0x0089
                           00008A   152 _IT1	=	0x008a
                           00008B   153 _IE1	=	0x008b
                           00008C   154 _TR0	=	0x008c
                           00008D   155 _TF0	=	0x008d
                           00008E   156 _TR1	=	0x008e
                           00008F   157 _TF1	=	0x008f
                           000090   158 _P1_0	=	0x0090
                           000091   159 _P1_1	=	0x0091
                           000092   160 _P1_2	=	0x0092
                           000093   161 _P1_3	=	0x0093
                           000094   162 _P1_4	=	0x0094
                           000095   163 _P1_5	=	0x0095
                           000096   164 _P1_6	=	0x0096
                           000097   165 _P1_7	=	0x0097
                           000098   166 _RI	=	0x0098
                           000099   167 _TI	=	0x0099
                           00009A   168 _RB8	=	0x009a
                           00009B   169 _TB8	=	0x009b
                           00009C   170 _REN	=	0x009c
                           00009D   171 _SM2	=	0x009d
                           00009E   172 _SM1	=	0x009e
                           00009F   173 _SM0	=	0x009f
                           0000A0   174 _P2_0	=	0x00a0
                           0000A1   175 _P2_1	=	0x00a1
                           0000A2   176 _P2_2	=	0x00a2
                           0000A3   177 _P2_3	=	0x00a3
                           0000A4   178 _P2_4	=	0x00a4
                           0000A5   179 _P2_5	=	0x00a5
                           0000A6   180 _P2_6	=	0x00a6
                           0000A7   181 _P2_7	=	0x00a7
                           0000A8   182 _EX0	=	0x00a8
                           0000A9   183 _ET0	=	0x00a9
                           0000AA   184 _EX1	=	0x00aa
                           0000AB   185 _ET1	=	0x00ab
                           0000AC   186 _ES	=	0x00ac
                           0000AF   187 _EA	=	0x00af
                           0000B0   188 _P3_0	=	0x00b0
                           0000B1   189 _P3_1	=	0x00b1
                           0000B2   190 _P3_2	=	0x00b2
                           0000B3   191 _P3_3	=	0x00b3
                           0000B4   192 _P3_4	=	0x00b4
                           0000B5   193 _P3_5	=	0x00b5
                           0000B6   194 _P3_6	=	0x00b6
                           0000B7   195 _P3_7	=	0x00b7
                           0000B0   196 _RXD	=	0x00b0
                           0000B1   197 _TXD	=	0x00b1
                           0000B2   198 _INT0	=	0x00b2
                           0000B3   199 _INT1	=	0x00b3
                           0000B4   200 _T0	=	0x00b4
                           0000B5   201 _T1	=	0x00b5
                           0000B6   202 _WR	=	0x00b6
                           0000B7   203 _RD	=	0x00b7
                           0000B8   204 _PX0	=	0x00b8
                           0000B9   205 _PT0	=	0x00b9
                           0000BA   206 _PX1	=	0x00ba
                           0000BB   207 _PT1	=	0x00bb
                           0000BC   208 _PS	=	0x00bc
                           0000D0   209 _P	=	0x00d0
                           0000D1   210 _F1	=	0x00d1
                           0000D2   211 _OV	=	0x00d2
                           0000D3   212 _RS0	=	0x00d3
                           0000D4   213 _RS1	=	0x00d4
                           0000D5   214 _F0	=	0x00d5
                           0000D6   215 _AC	=	0x00d6
                           0000D7   216 _CY	=	0x00d7
                                    217 ;--------------------------------------------------------
                                    218 ; overlayable register banks
                                    219 ;--------------------------------------------------------
                                    220 	.area REG_BANK_0	(REL,OVR,DATA)
      000000                        221 	.ds 8
                                    222 ;--------------------------------------------------------
                                    223 ; internal ram data
                                    224 ;--------------------------------------------------------
                                    225 	.area DSEG    (DATA)
      000000                        226 _delay_PARM_2:
      000000                        227 	.ds 1
                                    228 ;--------------------------------------------------------
                                    229 ; overlayable items in internal ram
                                    230 ;--------------------------------------------------------
                                    231 ;--------------------------------------------------------
                                    232 ; indirectly addressable internal ram data
                                    233 ;--------------------------------------------------------
                                    234 	.area ISEG    (DATA)
                                    235 ;--------------------------------------------------------
                                    236 ; absolute internal ram data
                                    237 ;--------------------------------------------------------
                                    238 	.area IABS    (ABS,DATA)
                                    239 	.area IABS    (ABS,DATA)
                                    240 ;--------------------------------------------------------
                                    241 ; bit data
                                    242 ;--------------------------------------------------------
                                    243 	.area BSEG    (BIT)
                                    244 ;--------------------------------------------------------
                                    245 ; paged external ram data
                                    246 ;--------------------------------------------------------
                                    247 	.area PSEG    (PAG,XDATA)
                                    248 ;--------------------------------------------------------
                                    249 ; external ram data
                                    250 ;--------------------------------------------------------
                                    251 	.area XSEG    (XDATA)
                                    252 ;--------------------------------------------------------
                                    253 ; absolute external ram data
                                    254 ;--------------------------------------------------------
                                    255 	.area XABS    (ABS,XDATA)
                                    256 ;--------------------------------------------------------
                                    257 ; external initialized ram data
                                    258 ;--------------------------------------------------------
                                    259 	.area XISEG   (XDATA)
                                    260 	.area HOME    (CODE)
                                    261 	.area GSINIT0 (CODE)
                                    262 	.area GSINIT1 (CODE)
                                    263 	.area GSINIT2 (CODE)
                                    264 	.area GSINIT3 (CODE)
                                    265 	.area GSINIT4 (CODE)
                                    266 	.area GSINIT5 (CODE)
                                    267 	.area GSINIT  (CODE)
                                    268 	.area GSFINAL (CODE)
                                    269 	.area CSEG    (CODE)
                                    270 ;--------------------------------------------------------
                                    271 ; global & static initialisations
                                    272 ;--------------------------------------------------------
                                    273 	.area HOME    (CODE)
                                    274 	.area GSINIT  (CODE)
                                    275 	.area GSFINAL (CODE)
                                    276 	.area GSINIT  (CODE)
                                    277 ;--------------------------------------------------------
                                    278 ; Home
                                    279 ;--------------------------------------------------------
                                    280 	.area HOME    (CODE)
                                    281 	.area HOME    (CODE)
                                    282 ;--------------------------------------------------------
                                    283 ; code
                                    284 ;--------------------------------------------------------
                                    285 	.area CSEG    (CODE)
                                    286 ;------------------------------------------------------------
                                    287 ;Allocation info for local variables in function 'delay'
                                    288 ;------------------------------------------------------------
                                    289 ;time_small                Allocated with name '_delay_PARM_2'
                                    290 ;time_large                Allocated to registers r7 
                                    291 ;d1                        Allocated to registers r5 r6 
                                    292 ;d2                        Allocated to registers r3 r4 
                                    293 ;------------------------------------------------------------
                                    294 ;	LED_Display.c:4: void delay (unsigned char time_large,unsigned char time_small){
                                    295 ;	-----------------------------------------
                                    296 ;	 function delay
                                    297 ;	-----------------------------------------
      000000                        298 _delay:
                           000007   299 	ar7 = 0x07
                           000006   300 	ar6 = 0x06
                           000005   301 	ar5 = 0x05
                           000004   302 	ar4 = 0x04
                           000003   303 	ar3 = 0x03
                           000002   304 	ar2 = 0x02
                           000001   305 	ar1 = 0x01
                           000000   306 	ar0 = 0x00
      000000 AF 82            [24]  307 	mov	r7,dpl
                                    308 ;	LED_Display.c:6: for (d1 = 0; d1 < time_large * 100; d1 ++) {
      000002 7D 00            [12]  309 	mov	r5,#0x00
      000004 7E 00            [12]  310 	mov	r6,#0x00
      000006                        311 00107$:
      000006 8F*00            [24]  312 	mov	__mulint_PARM_2,r7
      000008 75*01 00         [24]  313 	mov	(__mulint_PARM_2 + 1),#0x00
      00000B 90 00 64         [24]  314 	mov	dptr,#0x0064
      00000E C0 07            [24]  315 	push	ar7
      000010 C0 06            [24]  316 	push	ar6
      000012 C0 05            [24]  317 	push	ar5
      000014 12r00r00         [24]  318 	lcall	__mulint
      000017 AB 82            [24]  319 	mov	r3,dpl
      000019 AC 83            [24]  320 	mov	r4,dph
      00001B D0 05            [24]  321 	pop	ar5
      00001D D0 06            [24]  322 	pop	ar6
      00001F D0 07            [24]  323 	pop	ar7
      000021 C3               [12]  324 	clr	c
      000022 ED               [12]  325 	mov	a,r5
      000023 9B               [12]  326 	subb	a,r3
      000024 EE               [12]  327 	mov	a,r6
      000025 9C               [12]  328 	subb	a,r4
      000026 50 1D            [24]  329 	jnc	00109$
                                    330 ;	LED_Display.c:7: for (d2 = 0; d2 < time_small; d2 ++) { }
      000028 7B 00            [12]  331 	mov	r3,#0x00
      00002A 7C 00            [12]  332 	mov	r4,#0x00
      00002C                        333 00104$:
      00002C A9*00            [24]  334 	mov	r1,_delay_PARM_2
      00002E 7A 00            [12]  335 	mov	r2,#0x00
      000030 C3               [12]  336 	clr	c
      000031 EB               [12]  337 	mov	a,r3
      000032 99               [12]  338 	subb	a,r1
      000033 EC               [12]  339 	mov	a,r4
      000034 9A               [12]  340 	subb	a,r2
      000035 50 07            [24]  341 	jnc	00108$
      000037 0B               [12]  342 	inc	r3
      000038 BB 00 F1         [24]  343 	cjne	r3,#0x00,00104$
      00003B 0C               [12]  344 	inc	r4
      00003C 80 EE            [24]  345 	sjmp	00104$
      00003E                        346 00108$:
                                    347 ;	LED_Display.c:6: for (d1 = 0; d1 < time_large * 100; d1 ++) {
      00003E 0D               [12]  348 	inc	r5
      00003F BD 00 C4         [24]  349 	cjne	r5,#0x00,00107$
      000042 0E               [12]  350 	inc	r6
      000043 80 C1            [24]  351 	sjmp	00107$
      000045                        352 00109$:
                                    353 ;	LED_Display.c:9: }
      000045 22               [24]  354 	ret
                                    355 ;------------------------------------------------------------
                                    356 ;Allocation info for local variables in function 'LED_Display'
                                    357 ;------------------------------------------------------------
                                    358 ;display                   Allocated to registers r7 
                                    359 ;------------------------------------------------------------
                                    360 ;	LED_Display.c:10: void LED_Display(unsigned char display)
                                    361 ;	-----------------------------------------
                                    362 ;	 function LED_Display
                                    363 ;	-----------------------------------------
      000046                        364 _LED_Display:
                                    365 ;	LED_Display.c:12: P2 = LED_num[display]; 
      000046 E5 82            [12]  366 	mov	a,dpl
      000048 90r00r00         [24]  367 	mov	dptr,#_LED_num
      00004B 93               [24]  368 	movc	a,@a+dptr
      00004C F5 A0            [12]  369 	mov	_P2,a
                                    370 ;	LED_Display.c:13: delay(1,10);
      00004E 75*00 0A         [24]  371 	mov	_delay_PARM_2,#0x0a
      000051 75 82 01         [24]  372 	mov	dpl,#0x01
                                    373 ;	LED_Display.c:14: }
      000054 02r00r00         [24]  374 	ljmp	_delay
                                    375 	.area CSEG    (CODE)
                                    376 	.area CONST   (CODE)
      000000                        377 _LED_num:
      000000 14                     378 	.db #0x14	; 20
      000001 F6                     379 	.db #0xf6	; 246
      000002 1A                     380 	.db #0x1a	; 26
      000003 92                     381 	.db #0x92	; 146
      000004 F0                     382 	.db #0xf0	; 240
      000005 91                     383 	.db #0x91	; 145
      000006 11                     384 	.db #0x11	; 17
      000007 D4                     385 	.db #0xd4	; 212
      000008 10                     386 	.db #0x10	; 16
      000009 90                     387 	.db #0x90	; 144
      00000A 3B                     388 	.db #0x3b	; 59
      00000B B3                     389 	.db #0xb3	; 179
      00000C F8                     390 	.db #0xf8	; 248
      00000D 9B                     391 	.db #0x9b	; 155
      00000E 39                     392 	.db #0x39	; 57	'9'
      00000F FF                     393 	.db #0xff	; 255
                                    394 	.area XINIT   (CODE)
                                    395 	.area CABS    (ABS,CODE)
